<?xml version="1.0" encoding="UTF-8"?>
<!-- Generated by org.testng.reporters.JUnitXMLReporter -->
<testsuite hostname="CTSTX34526" ignored="0" name="Test" tests="6" failures="0" timestamp="21 May 2017 21:02:15 GMT" time="6.16" errors="0">
  <testcase name="fifthTest" time="4.6" classname="com.RestAssured.RestAssuredtest"/>
  <testcase name="firstTest" time="0.756" classname="com.RestAssured.RestAssuredtest"/>
  <testcase name="fourthTest" time="0.147" classname="com.RestAssured.RestAssuredtest"/>
  <testcase name="secondTest" time="0.139" classname="com.RestAssured.RestAssuredtest"/>
  <testcase name="sixthTest" time="0.286" classname="com.RestAssured.RestAssuredtest"/>
  <testcase name="thirdTest" time="0.201" classname="com.RestAssured.RestAssuredtest"/>
</testsuite> <!-- Test -->
